Base path: C:/Program Files/Unity/Editor/Data
Pipe name: \\.\pipe\UnityShaderCompiler-64bit-1-4520
Cmd: getPlatforms
Cmd: preprocess
  insize=1151 outsize=1045 ok=1
Cmd: compileSnippet
  api=4 type=0 insize=400 outsize=2899 kw=DIRECTIONAL SHADOWS_OFF LIGHTMAP_OFF DIRLIGHTMAP_OFF DYNAMICLIGHTMAP_OFF ok=1
Cmd: compileSnippet
  api=4 type=1 insize=400 outsize=4386 kw=DIRECTIONAL SHADOWS_OFF LIGHTMAP_OFF DIRLIGHTMAP_OFF DYNAMICLIGHTMAP_OFF ok=1
Cmd: compileSnippet
  api=4 type=0 insize=344 outsize=1851 kw= ok=1
Cmd: compileSnippet
  api=4 type=1 insize=344 outsize=1485 kw= ok=1
Cmd: preprocess
  insize=807 outsize=743 ok=1
Cmd: compileSnippet
  api=4 type=0 insize=400 outsize=2428 kw=DIRECTIONAL SHADOWS_OFF LIGHTMAP_OFF DIRLIGHTMAP_OFF DYNAMICLIGHTMAP_OFF ok=1
Cmd: compileSnippet
  api=4 type=1 insize=400 outsize=2111 kw=DIRECTIONAL SHADOWS_OFF LIGHTMAP_OFF DIRLIGHTMAP_OFF DYNAMICLIGHTMAP_OFF ok=1
Cmd: preprocess
  insize=1163 outsize=1057 ok=1
Cmd: preprocess
  insize=795 outsize=731 ok=1
Cmd: compileSnippet
  api=4 type=0 insize=400 outsize=2428 kw=DIRECTIONAL SHADOWS_OFF LIGHTMAP_OFF DIRLIGHTMAP_OFF DYNAMICLIGHTMAP_OFF ok=1
Cmd: compileSnippet
  api=4 type=1 insize=400 outsize=2111 kw=DIRECTIONAL SHADOWS_OFF LIGHTMAP_OFF DIRLIGHTMAP_OFF DYNAMICLIGHTMAP_OFF ok=1
Cmd: preprocess
  insize=797 outsize=733 ok=1
Cmd: preprocess
  insize=1169 outsize=1063 ok=1
Cmd: preprocess
  insize=695 outsize=1594 ok=1
Cmd: compileSnippet
  api=4 type=0 insize=7201 outsize=3752 kw=DIRECTIONAL SHADOWS_OFF LIGHTMAP_OFF DIRLIGHTMAP_OFF DYNAMICLIGHTMAP_OFF ok=1
Cmd: compileSnippet
  api=4 type=1 insize=7201 outsize=1152 kw=DIRECTIONAL SHADOWS_OFF LIGHTMAP_OFF DIRLIGHTMAP_OFF DYNAMICLIGHTMAP_OFF ok=1
Cmd: compileSnippet
  api=4 type=0 insize=3810 outsize=2753 kw=POINT ok=1
Cmd: compileSnippet
  api=4 type=1 insize=3810 outsize=1883 kw=POINT ok=1
Cmd: compileSnippet
  api=4 type=0 insize=2968 outsize=2533 kw= ok=1
Cmd: compileSnippet
  api=4 type=1 insize=2968 outsize=697 kw= ok=1
Cmd: compileSnippet
  api=4 type=0 insize=6150 outsize=2419 kw=LIGHTMAP_OFF DIRLIGHTMAP_OFF DYNAMICLIGHTMAP_OFF HDR_LIGHT_PREPASS_OFF ok=1
Cmd: compileSnippet
  api=4 type=1 insize=6150 outsize=1136 kw=LIGHTMAP_OFF DIRLIGHTMAP_OFF DYNAMICLIGHTMAP_OFF HDR_LIGHT_PREPASS_OFF ok=1
Cmd: compileSnippet
  api=4 type=0 insize=6161 outsize=3801 kw=LIGHTMAP_OFF DIRLIGHTMAP_OFF DYNAMICLIGHTMAP_OFF HDR_LIGHT_PREPASS_OFF ok=1
Cmd: compileSnippet
  api=4 type=1 insize=6161 outsize=1444 kw=LIGHTMAP_OFF DIRLIGHTMAP_OFF DYNAMICLIGHTMAP_OFF HDR_LIGHT_PREPASS_OFF ok=1
Cmd: compileSnippet
  api=4 type=0 insize=3159 outsize=2484 kw= ok=1
Cmd: compileSnippet
  api=4 type=1 insize=3159 outsize=1249 kw= ok=1
Cmd: preprocess
  insize=700 outsize=636 ok=1
Cmd: compileSnippet
  api=4 type=0 insize=400 outsize=2428 kw=DIRECTIONAL SHADOWS_OFF LIGHTMAP_OFF DIRLIGHTMAP_OFF DYNAMICLIGHTMAP_OFF ok=1
Cmd: compileSnippet
  api=4 type=1 insize=400 outsize=2111 kw=DIRECTIONAL SHADOWS_OFF LIGHTMAP_OFF DIRLIGHTMAP_OFF DYNAMICLIGHTMAP_OFF ok=1
Cmd: preprocess
  insize=922 outsize=817 ok=1
Cmd: compileSnippet
  api=4 type=0 insize=400 outsize=2428 kw=DIRECTIONAL SHADOWS_OFF LIGHTMAP_OFF DIRLIGHTMAP_OFF DYNAMICLIGHTMAP_OFF ok=1
Cmd: compileSnippet
  api=4 type=1 insize=400 outsize=2111 kw=DIRECTIONAL SHADOWS_OFF LIGHTMAP_OFF DIRLIGHTMAP_OFF DYNAMICLIGHTMAP_OFF ok=1
Cmd: compileSnippet
  api=4 type=0 insize=344 outsize=1851 kw= ok=1
Cmd: compileSnippet
  api=4 type=1 insize=344 outsize=1485 kw= ok=1
Cmd: preprocess
  insize=809 outsize=745 ok=1
Cmd: preprocess
  insize=1149 outsize=1043 ok=1
Cmd: compileSnippet
  api=4 type=0 insize=3810 outsize=2753 kw=DIRECTIONAL ok=1
Cmd: compileSnippet
  api=4 type=1 insize=3810 outsize=1103 kw=DIRECTIONAL ok=1
